KEYWORD class
IDENTIFIER Sphere
COLON
TYPE rt_Primitive
SEMICOLON
QUALIFIER public
TYPE vec3
IDENTIFIER center
SEMICOLON
QUALIFIER public
TYPE float
IDENTIFIER radius
SEMICOLON
TYPE void
IDENTIFIER constructor
LPARENTHESIS
TYPE vec3
IDENTIFIER newcenter
COMMA
TYPE float
IDENTIFIER newradius
RPARENTHESIS
LBRACE
IDENTIFIER center
ASSIGN
IDENTIFIER newcenter
SEMICOLON
IDENTIFIER radius
ASSIGN
IDENTIFIER newradius
SEMICOLON
RBRACE
TYPE void
IDENTIFIER intersect
LPARENTHESIS
RPARENTHESIS
LBRACE
TYPE vec3
IDENTIFIER O
ASSIGN
STATE rt_RayOrigin
MINUS
IDENTIFIER center
SEMICOLON
TYPE vec3
IDENTIFIER D
ASSIGN
STATE rt_RayDirection
SEMICOLON
TYPE float
IDENTIFIER A
ASSIGN
KEYWORD dot
LPARENTHESIS
IDENTIFIER D
COMMA
IDENTIFIER D
RPARENTHESIS
SEMICOLON
TYPE float
IDENTIFIER B
ASSIGN
KEYWORD dot
LPARENTHESIS
IDENTIFIER O
COMMA
IDENTIFIER D
RPARENTHESIS
SEMICOLON
TYPE float
IDENTIFIER C
ASSIGN
KEYWORD dot
LPARENTHESIS
IDENTIFIER O
COMMA
IDENTIFIER O
RPARENTHESIS
MINUS
IDENTIFIER radius
MUL
IDENTIFIER radius
SEMICOLON
TYPE float
IDENTIFIER disc
ASSIGN
IDENTIFIER B
MUL
IDENTIFIER B
MINUS
IDENTIFIER A
MUL
IDENTIFIER C
SEMICOLON
KEYWORD if
LPARENTHESIS
IDENTIFIER disc
GT
FLOAT 0.0
RPARENTHESIS
LBRACE
TYPE float
IDENTIFIER r
ASSIGN
KEYWORD sqrt
LPARENTHESIS
IDENTIFIER disc
RPARENTHESIS
SEMICOLON
TYPE float
IDENTIFIER t0
ASSIGN
MINUS
LPARENTHESIS
IDENTIFIER r
PLUS
IDENTIFIER B
RPARENTHESIS
DIV
IDENTIFIER A
SEMICOLON
KEYWORD if
LPARENTHESIS
IDENTIFIER t0
GT
STATE rt_Epsilon
RPARENTHESIS
LBRACE
KEYWORD hit
LPARENTHESIS
IDENTIFIER t0
RPARENTHESIS
SEMICOLON
RBRACE
KEYWORD else
LBRACE
TYPE float
IDENTIFIER t1
ASSIGN
LPARENTHESIS
IDENTIFIER r
MINUS
IDENTIFIER B
RPARENTHESIS
DIV
IDENTIFIER A
SEMICOLON
KEYWORD hit
LPARENTHESIS
IDENTIFIER t1
RPARENTHESIS
SEMICOLON
RBRACE
RBRACE
RBRACE
TYPE void
IDENTIFIER computeNormal
LPARENTHESIS
RPARENTHESIS
LBRACE
STATE rt_GeometricNormal
ASSIGN
LPARENTHESIS
STATE rt_HitPoint
MINUS
IDENTIFIER center
RPARENTHESIS
DIV
IDENTIFIER radius
SEMICOLON
RBRACE
TYPE void
IDENTIFIER computeBounds
LPARENTHESIS
RPARENTHESIS
LBRACE
STATE rt_BoundMin
ASSIGN
IDENTIFIER center
MINUS
TYPE vec3
LPARENTHESIS
IDENTIFIER radius
RPARENTHESIS
SEMICOLON
STATE rt_BoundMax
ASSIGN
IDENTIFIER center
PLUS
TYPE vec3
LPARENTHESIS
IDENTIFIER radius
RPARENTHESIS
SEMICOLON
RBRACE
